[2021-03-21T14:16:53.042] [ERROR] globalError - [Error: ENOENT: no such file or directory, open '/Users/xiaoquan/Desktop/BFF/server/views/index.html'] {
  errno: -2,
  code: 'ENOENT',
  syscall: 'open',
  path: '/Users/xiaoquan/Desktop/BFF/server/views/index.html'
}
[2021-03-21T14:16:55.600] [ERROR] globalError - [Error: ENOENT: no such file or directory, open '/Users/xiaoquan/Desktop/BFF/server/views/index.html'] {
  errno: -2,
  code: 'ENOENT',
  syscall: 'open',
  path: '/Users/xiaoquan/Desktop/BFF/server/views/index.html'
}
[2021-03-21T14:17:05.538] [ERROR] globalError - [Error: ENOENT: no such file or directory, open '/Users/xiaoquan/Desktop/BFF/server/views/index.html'] {
  errno: -2,
  code: 'ENOENT',
  syscall: 'open',
  path: '/Users/xiaoquan/Desktop/BFF/server/views/index.html'
}
[2021-03-21T14:17:21.685] [ERROR] globalError - [Error: ENOENT: no such file or directory, open '/Users/xiaoquan/Desktop/BFF/server/views/index.html'] {
  errno: -2,
  code: 'ENOENT',
  syscall: 'open',
  path: '/Users/xiaoquan/Desktop/BFF/server/views/index.html'
}
