[2021-05-06T18:34:53.484] [ERROR] globalError - [Error: ENOENT: no such file or directory, open '/Users/xiaoquan/Desktop/BFF/public/uploads/202156/blob-1620297293481.blob'] {
  errno: -2,
  code: 'ENOENT',
  syscall: 'open',
  path: '/Users/xiaoquan/Desktop/BFF/public/uploads/202156/blob-1620297293481.blob',
  storageErrors: []
}
[2021-05-06T18:34:53.497] [ERROR] globalError - [Error: ENOENT: no such file or directory, open '/Users/xiaoquan/Desktop/BFF/public/uploads/202156/blob-1620297293477.blob'] {
  errno: -2,
  code: 'ENOENT',
  syscall: 'open',
  path: '/Users/xiaoquan/Desktop/BFF/public/uploads/202156/blob-1620297293477.blob',
  storageErrors: []
}
[2021-05-06T18:34:53.502] [ERROR] globalError - [Error: ENOENT: no such file or directory, open '/Users/xiaoquan/Desktop/BFF/public/uploads/202156/blob-1620297293489.blob'] {
  errno: -2,
  code: 'ENOENT',
  syscall: 'open',
  path: '/Users/xiaoquan/Desktop/BFF/public/uploads/202156/blob-1620297293489.blob',
  storageErrors: []
}
[2021-05-06T18:34:53.503] [ERROR] globalError - [Error: ENOENT: no such file or directory, open '/Users/xiaoquan/Desktop/BFF/public/uploads/202156/blob-1620297293492.blob'] {
  errno: -2,
  code: 'ENOENT',
  syscall: 'open',
  path: '/Users/xiaoquan/Desktop/BFF/public/uploads/202156/blob-1620297293492.blob',
  storageErrors: []
}
[2021-05-06T18:34:53.504] [ERROR] globalError - [Error: ENOENT: no such file or directory, open '/Users/xiaoquan/Desktop/BFF/public/uploads/202156/blob-1620297293494.blob'] {
  errno: -2,
  code: 'ENOENT',
  syscall: 'open',
  path: '/Users/xiaoquan/Desktop/BFF/public/uploads/202156/blob-1620297293494.blob',
  storageErrors: []
}
[2021-05-06T18:34:53.505] [ERROR] globalError - [Error: ENOENT: no such file or directory, open '/Users/xiaoquan/Desktop/BFF/public/uploads/202156/blob-1620297293496.blob'] {
  errno: -2,
  code: 'ENOENT',
  syscall: 'open',
  path: '/Users/xiaoquan/Desktop/BFF/public/uploads/202156/blob-1620297293496.blob',
  storageErrors: []
}
[2021-05-06T18:34:53.506] [ERROR] globalError - [Error: ENOENT: no such file or directory, open '/Users/xiaoquan/Desktop/BFF/public/uploads/202156/blob-1620297293501.blob'] {
  errno: -2,
  code: 'ENOENT',
  syscall: 'open',
  path: '/Users/xiaoquan/Desktop/BFF/public/uploads/202156/blob-1620297293501.blob',
  storageErrors: []
}
[2021-05-06T18:34:53.513] [ERROR] globalError - [Error: ENOENT: no such file or directory, open '/Users/xiaoquan/Desktop/BFF/public/uploads/202156/blob-1620297293507.blob'] {
  errno: -2,
  code: 'ENOENT',
  syscall: 'open',
  path: '/Users/xiaoquan/Desktop/BFF/public/uploads/202156/blob-1620297293507.blob',
  storageErrors: []
}
[2021-05-06T18:34:53.515] [ERROR] globalError - [Error: ENOENT: no such file or directory, open '/Users/xiaoquan/Desktop/BFF/public/uploads/202156/blob-1620297293509.blob'] {
  errno: -2,
  code: 'ENOENT',
  syscall: 'open',
  path: '/Users/xiaoquan/Desktop/BFF/public/uploads/202156/blob-1620297293509.blob',
  storageErrors: []
}
[2021-05-06T18:34:53.516] [ERROR] globalError - [Error: ENOENT: no such file or directory, open '/Users/xiaoquan/Desktop/BFF/public/uploads/202156/blob-1620297293510.blob'] {
  errno: -2,
  code: 'ENOENT',
  syscall: 'open',
  path: '/Users/xiaoquan/Desktop/BFF/public/uploads/202156/blob-1620297293510.blob',
  storageErrors: []
}
[2021-05-06T18:34:53.519] [ERROR] globalError - [Error: ENOENT: no such file or directory, open '/Users/xiaoquan/Desktop/BFF/public/uploads/202156/blob-1620297293512.blob'] {
  errno: -2,
  code: 'ENOENT',
  syscall: 'open',
  path: '/Users/xiaoquan/Desktop/BFF/public/uploads/202156/blob-1620297293512.blob',
  storageErrors: []
}
[2021-05-06T18:34:53.520] [ERROR] globalError - [Error: ENOENT: no such file or directory, open '/Users/xiaoquan/Desktop/BFF/public/uploads/202156/blob-1620297293517.blob'] {
  errno: -2,
  code: 'ENOENT',
  syscall: 'open',
  path: '/Users/xiaoquan/Desktop/BFF/public/uploads/202156/blob-1620297293517.blob',
  storageErrors: []
}
[2021-05-06T18:34:53.521] [ERROR] globalError - [Error: ENOENT: no such file or directory, open '/Users/xiaoquan/Desktop/BFF/public/uploads/202156/blob-1620297293519.blob'] {
  errno: -2,
  code: 'ENOENT',
  syscall: 'open',
  path: '/Users/xiaoquan/Desktop/BFF/public/uploads/202156/blob-1620297293519.blob',
  storageErrors: []
}
[2021-05-06T18:35:48.438] [ERROR] globalError - [Error: ENOENT: no such file or directory, open '/Users/xiaoquan/Desktop/BFF/public/uploads/202156/blob-1620297348436.blob'] {
  errno: -2,
  code: 'ENOENT',
  syscall: 'open',
  path: '/Users/xiaoquan/Desktop/BFF/public/uploads/202156/blob-1620297348436.blob',
  storageErrors: []
}
[2021-05-06T18:35:48.442] [ERROR] globalError - [Error: ENOENT: no such file or directory, open '/Users/xiaoquan/Desktop/BFF/public/uploads/202156/blob-1620297348432.blob'] {
  errno: -2,
  code: 'ENOENT',
  syscall: 'open',
  path: '/Users/xiaoquan/Desktop/BFF/public/uploads/202156/blob-1620297348432.blob',
  storageErrors: []
}
[2021-05-06T18:39:04.059] [ERROR] globalError - [Error: ENOENT: no such file or directory, open '/Users/xiaoquan/Desktop/BFF/public/uploads/202156/blob-1620297544054.blob'] {
  errno: -2,
  code: 'ENOENT',
  syscall: 'open',
  path: '/Users/xiaoquan/Desktop/BFF/public/uploads/202156/blob-1620297544054.blob',
  storageErrors: []
}
[2021-05-06T18:39:04.064] [ERROR] globalError - [Error: ENOENT: no such file or directory, open '/Users/xiaoquan/Desktop/BFF/public/uploads/202156/blob-1620297544058.blob'] {
  errno: -2,
  code: 'ENOENT',
  syscall: 'open',
  path: '/Users/xiaoquan/Desktop/BFF/public/uploads/202156/blob-1620297544058.blob',
  storageErrors: []
}
[2021-05-06T18:39:04.070] [ERROR] globalError - [Error: ENOENT: no such file or directory, open '/Users/xiaoquan/Desktop/BFF/public/uploads/202156/blob-1620297544062.blob'] {
  errno: -2,
  code: 'ENOENT',
  syscall: 'open',
  path: '/Users/xiaoquan/Desktop/BFF/public/uploads/202156/blob-1620297544062.blob',
  storageErrors: []
}
[2021-05-06T18:39:04.072] [ERROR] globalError - [Error: ENOENT: no such file or directory, open '/Users/xiaoquan/Desktop/BFF/public/uploads/202156/blob-1620297544063.blob'] {
  errno: -2,
  code: 'ENOENT',
  syscall: 'open',
  path: '/Users/xiaoquan/Desktop/BFF/public/uploads/202156/blob-1620297544063.blob',
  storageErrors: []
}
[2021-05-06T18:39:04.078] [ERROR] globalError - [Error: ENOENT: no such file or directory, open '/Users/xiaoquan/Desktop/BFF/public/uploads/202156/blob-1620297544067.blob'] {
  errno: -2,
  code: 'ENOENT',
  syscall: 'open',
  path: '/Users/xiaoquan/Desktop/BFF/public/uploads/202156/blob-1620297544067.blob',
  storageErrors: []
}
[2021-05-06T18:39:04.079] [ERROR] globalError - [Error: ENOENT: no such file or directory, open '/Users/xiaoquan/Desktop/BFF/public/uploads/202156/blob-1620297544071.blob'] {
  errno: -2,
  code: 'ENOENT',
  syscall: 'open',
  path: '/Users/xiaoquan/Desktop/BFF/public/uploads/202156/blob-1620297544071.blob',
  storageErrors: []
}
[2021-05-06T18:39:04.083] [ERROR] globalError - [Error: ENOENT: no such file or directory, open '/Users/xiaoquan/Desktop/BFF/public/uploads/202156/blob-1620297544077.blob'] {
  errno: -2,
  code: 'ENOENT',
  syscall: 'open',
  path: '/Users/xiaoquan/Desktop/BFF/public/uploads/202156/blob-1620297544077.blob',
  storageErrors: []
}
[2021-05-06T18:39:04.100] [ERROR] globalError - [Error: ENOENT: no such file or directory, open '/Users/xiaoquan/Desktop/BFF/public/uploads/202156/blob-1620297544074.blob'] {
  errno: -2,
  code: 'ENOENT',
  syscall: 'open',
  path: '/Users/xiaoquan/Desktop/BFF/public/uploads/202156/blob-1620297544074.blob',
  storageErrors: []
}
[2021-05-06T18:39:04.100] [ERROR] globalError - [Error: ENOENT: no such file or directory, open '/Users/xiaoquan/Desktop/BFF/public/uploads/202156/blob-1620297544081.blob'] {
  errno: -2,
  code: 'ENOENT',
  syscall: 'open',
  path: '/Users/xiaoquan/Desktop/BFF/public/uploads/202156/blob-1620297544081.blob',
  storageErrors: []
}
[2021-05-06T18:39:04.101] [ERROR] globalError - [Error: ENOENT: no such file or directory, open '/Users/xiaoquan/Desktop/BFF/public/uploads/202156/blob-1620297544082.blob'] {
  errno: -2,
  code: 'ENOENT',
  syscall: 'open',
  path: '/Users/xiaoquan/Desktop/BFF/public/uploads/202156/blob-1620297544082.blob',
  storageErrors: []
}
[2021-05-06T23:15:03.214] [ERROR] globalError - Error: ENOENT: no such file or directory, stat '/Users/xiaoquan/Desktop/BFF/public/uploads/2f1e861d563b5782f9dcd23ac8b98a38'
    at Object.statSync (fs.js:1009:3)
    at exitsDirectory (/Users/xiaoquan/Desktop/BFF/utils/streamMerge.js:64:20)
    at /Users/xiaoquan/Desktop/BFF/controller/index.js:71:30
    at dispatch (/Users/xiaoquan/Desktop/BFF/node_modules/_koa-compose@4.1.0@koa-compose/index.js:42:32)
    at async cors (/Users/xiaoquan/Desktop/BFF/node_modules/_koa2-cors@2.0.6@koa2-cors/dist/index.js:91:9)
    at async bodyParser (/Users/xiaoquan/Desktop/BFF/node_modules/_koa-bodyparser@4.3.0@koa-bodyparser/index.js:95:5) {
  errno: -2,
  syscall: 'stat',
  code: 'ENOENT',
  path: '/Users/xiaoquan/Desktop/BFF/public/uploads/2f1e861d563b5782f9dcd23ac8b98a38'
}
[2021-05-06T23:17:11.032] [ERROR] globalError - Error: ENOENT: no such file or directory, stat '/Users/xiaoquan/Desktop/BFF/public/uploads/2f1e861d563b5782f9dcd23ac8b98a38'
    at Object.statSync (fs.js:1009:3)
    at exitsDirectory (/Users/xiaoquan/Desktop/BFF/utils/streamMerge.js:64:20)
    at /Users/xiaoquan/Desktop/BFF/controller/index.js:71:30
    at dispatch (/Users/xiaoquan/Desktop/BFF/node_modules/_koa-compose@4.1.0@koa-compose/index.js:42:32)
    at async cors (/Users/xiaoquan/Desktop/BFF/node_modules/_koa2-cors@2.0.6@koa2-cors/dist/index.js:91:9)
    at async bodyParser (/Users/xiaoquan/Desktop/BFF/node_modules/_koa-bodyparser@4.3.0@koa-bodyparser/index.js:95:5) {
  errno: -2,
  syscall: 'stat',
  code: 'ENOENT',
  path: '/Users/xiaoquan/Desktop/BFF/public/uploads/2f1e861d563b5782f9dcd23ac8b98a38'
}
[2021-05-06T23:17:11.039] [ERROR] globalError - Error: ENOENT: no such file or directory, stat '/Users/xiaoquan/Desktop/BFF/public/uploads/2f1e861d563b5782f9dcd23ac8b98a38'
    at Object.statSync (fs.js:1009:3)
    at exitsDirectory (/Users/xiaoquan/Desktop/BFF/utils/streamMerge.js:64:20)
    at /Users/xiaoquan/Desktop/BFF/controller/index.js:71:30
    at dispatch (/Users/xiaoquan/Desktop/BFF/node_modules/_koa-compose@4.1.0@koa-compose/index.js:42:32)
    at async cors (/Users/xiaoquan/Desktop/BFF/node_modules/_koa2-cors@2.0.6@koa2-cors/dist/index.js:91:9)
    at async bodyParser (/Users/xiaoquan/Desktop/BFF/node_modules/_koa-bodyparser@4.3.0@koa-bodyparser/index.js:95:5) {
  errno: -2,
  syscall: 'stat',
  code: 'ENOENT',
  path: '/Users/xiaoquan/Desktop/BFF/public/uploads/2f1e861d563b5782f9dcd23ac8b98a38'
}
[2021-05-06T23:17:11.041] [ERROR] globalError - Error: ENOENT: no such file or directory, stat '/Users/xiaoquan/Desktop/BFF/public/uploads/2f1e861d563b5782f9dcd23ac8b98a38'
    at Object.statSync (fs.js:1009:3)
    at exitsDirectory (/Users/xiaoquan/Desktop/BFF/utils/streamMerge.js:64:20)
    at /Users/xiaoquan/Desktop/BFF/controller/index.js:71:30
    at dispatch (/Users/xiaoquan/Desktop/BFF/node_modules/_koa-compose@4.1.0@koa-compose/index.js:42:32)
    at async cors (/Users/xiaoquan/Desktop/BFF/node_modules/_koa2-cors@2.0.6@koa2-cors/dist/index.js:91:9)
    at async bodyParser (/Users/xiaoquan/Desktop/BFF/node_modules/_koa-bodyparser@4.3.0@koa-bodyparser/index.js:95:5) {
  errno: -2,
  syscall: 'stat',
  code: 'ENOENT',
  path: '/Users/xiaoquan/Desktop/BFF/public/uploads/2f1e861d563b5782f9dcd23ac8b98a38'
}
[2021-05-06T23:20:02.983] [ERROR] globalError - Error: ENOENT: no such file or directory, stat '/Users/xiaoquan/Desktop/BFF/public/uploads/2f1e861d563b5782f9dcd23ac8b98a38'
    at Object.statSync (fs.js:1009:3)
    at /Users/xiaoquan/Desktop/BFF/utils/streamMerge.js:65:24
    at new Promise (<anonymous>)
    at exitsDirectory (/Users/xiaoquan/Desktop/BFF/utils/streamMerge.js:64:12)
    at /Users/xiaoquan/Desktop/BFF/controller/index.js:71:35
    at dispatch (/Users/xiaoquan/Desktop/BFF/node_modules/_koa-compose@4.1.0@koa-compose/index.js:42:32)
    at runNextTicks (internal/process/task_queues.js:62:5)
    at processImmediate (internal/timers.js:429:9)
    at async cors (/Users/xiaoquan/Desktop/BFF/node_modules/_koa2-cors@2.0.6@koa2-cors/dist/index.js:91:9)
    at async bodyParser (/Users/xiaoquan/Desktop/BFF/node_modules/_koa-bodyparser@4.3.0@koa-bodyparser/index.js:95:5) {
  errno: -2,
  syscall: 'stat',
  code: 'ENOENT',
  path: '/Users/xiaoquan/Desktop/BFF/public/uploads/2f1e861d563b5782f9dcd23ac8b98a38'
}
[2021-05-06T23:20:02.985] [ERROR] globalError - Error: ENOENT: no such file or directory, stat '/Users/xiaoquan/Desktop/BFF/public/uploads/2f1e861d563b5782f9dcd23ac8b98a38'
    at Object.statSync (fs.js:1009:3)
    at /Users/xiaoquan/Desktop/BFF/utils/streamMerge.js:65:24
    at new Promise (<anonymous>)
    at exitsDirectory (/Users/xiaoquan/Desktop/BFF/utils/streamMerge.js:64:12)
    at /Users/xiaoquan/Desktop/BFF/controller/index.js:71:35
    at dispatch (/Users/xiaoquan/Desktop/BFF/node_modules/_koa-compose@4.1.0@koa-compose/index.js:42:32)
    at async cors (/Users/xiaoquan/Desktop/BFF/node_modules/_koa2-cors@2.0.6@koa2-cors/dist/index.js:91:9)
    at async bodyParser (/Users/xiaoquan/Desktop/BFF/node_modules/_koa-bodyparser@4.3.0@koa-bodyparser/index.js:95:5) {
  errno: -2,
  syscall: 'stat',
  code: 'ENOENT',
  path: '/Users/xiaoquan/Desktop/BFF/public/uploads/2f1e861d563b5782f9dcd23ac8b98a38'
}
[2021-05-06T23:20:02.987] [ERROR] globalError - Error: ENOENT: no such file or directory, stat '/Users/xiaoquan/Desktop/BFF/public/uploads/2f1e861d563b5782f9dcd23ac8b98a38'
    at Object.statSync (fs.js:1009:3)
    at /Users/xiaoquan/Desktop/BFF/utils/streamMerge.js:65:24
    at new Promise (<anonymous>)
    at exitsDirectory (/Users/xiaoquan/Desktop/BFF/utils/streamMerge.js:64:12)
    at /Users/xiaoquan/Desktop/BFF/controller/index.js:71:35
    at dispatch (/Users/xiaoquan/Desktop/BFF/node_modules/_koa-compose@4.1.0@koa-compose/index.js:42:32)
    at async cors (/Users/xiaoquan/Desktop/BFF/node_modules/_koa2-cors@2.0.6@koa2-cors/dist/index.js:91:9)
    at async bodyParser (/Users/xiaoquan/Desktop/BFF/node_modules/_koa-bodyparser@4.3.0@koa-bodyparser/index.js:95:5) {
  errno: -2,
  syscall: 'stat',
  code: 'ENOENT',
  path: '/Users/xiaoquan/Desktop/BFF/public/uploads/2f1e861d563b5782f9dcd23ac8b98a38'
}
[2021-05-06T23:20:02.988] [ERROR] globalError - Error: ENOENT: no such file or directory, stat '/Users/xiaoquan/Desktop/BFF/public/uploads/2f1e861d563b5782f9dcd23ac8b98a38'
    at Object.statSync (fs.js:1009:3)
    at /Users/xiaoquan/Desktop/BFF/utils/streamMerge.js:65:24
    at new Promise (<anonymous>)
    at exitsDirectory (/Users/xiaoquan/Desktop/BFF/utils/streamMerge.js:64:12)
    at /Users/xiaoquan/Desktop/BFF/controller/index.js:71:35
    at dispatch (/Users/xiaoquan/Desktop/BFF/node_modules/_koa-compose@4.1.0@koa-compose/index.js:42:32)
    at async cors (/Users/xiaoquan/Desktop/BFF/node_modules/_koa2-cors@2.0.6@koa2-cors/dist/index.js:91:9)
    at async bodyParser (/Users/xiaoquan/Desktop/BFF/node_modules/_koa-bodyparser@4.3.0@koa-bodyparser/index.js:95:5) {
  errno: -2,
  syscall: 'stat',
  code: 'ENOENT',
  path: '/Users/xiaoquan/Desktop/BFF/public/uploads/2f1e861d563b5782f9dcd23ac8b98a38'
}
[2021-05-06T23:22:59.208] [ERROR] globalError - ReferenceError: filePathfilePath is not defined
    at exitsDirectory (/Users/xiaoquan/Desktop/BFF/utils/streamMerge.js:64:28)
    at /Users/xiaoquan/Desktop/BFF/controller/index.js:71:35
    at dispatch (/Users/xiaoquan/Desktop/BFF/node_modules/_koa-compose@4.1.0@koa-compose/index.js:42:32)
    at async cors (/Users/xiaoquan/Desktop/BFF/node_modules/_koa2-cors@2.0.6@koa2-cors/dist/index.js:91:9)
    at async bodyParser (/Users/xiaoquan/Desktop/BFF/node_modules/_koa-bodyparser@4.3.0@koa-bodyparser/index.js:95:5)
[2021-05-06T23:22:59.214] [ERROR] globalError - ReferenceError: filePathfilePath is not defined
    at exitsDirectory (/Users/xiaoquan/Desktop/BFF/utils/streamMerge.js:64:28)
    at /Users/xiaoquan/Desktop/BFF/controller/index.js:71:35
    at dispatch (/Users/xiaoquan/Desktop/BFF/node_modules/_koa-compose@4.1.0@koa-compose/index.js:42:32)
    at async cors (/Users/xiaoquan/Desktop/BFF/node_modules/_koa2-cors@2.0.6@koa2-cors/dist/index.js:91:9)
    at async bodyParser (/Users/xiaoquan/Desktop/BFF/node_modules/_koa-bodyparser@4.3.0@koa-bodyparser/index.js:95:5)
[2021-05-06T23:22:59.214] [ERROR] globalError - ReferenceError: filePathfilePath is not defined
    at exitsDirectory (/Users/xiaoquan/Desktop/BFF/utils/streamMerge.js:64:28)
    at /Users/xiaoquan/Desktop/BFF/controller/index.js:71:35
    at dispatch (/Users/xiaoquan/Desktop/BFF/node_modules/_koa-compose@4.1.0@koa-compose/index.js:42:32)
    at async cors (/Users/xiaoquan/Desktop/BFF/node_modules/_koa2-cors@2.0.6@koa2-cors/dist/index.js:91:9)
    at async bodyParser (/Users/xiaoquan/Desktop/BFF/node_modules/_koa-bodyparser@4.3.0@koa-bodyparser/index.js:95:5)
[2021-05-06T23:25:18.504] [ERROR] globalError - ReferenceError: isDirectory is not defined
    at /Users/xiaoquan/Desktop/BFF/controller/index.js:79:9
    at dispatch (/Users/xiaoquan/Desktop/BFF/node_modules/_koa-compose@4.1.0@koa-compose/index.js:42:32)
    at async cors (/Users/xiaoquan/Desktop/BFF/node_modules/_koa2-cors@2.0.6@koa2-cors/dist/index.js:91:9)
    at async bodyParser (/Users/xiaoquan/Desktop/BFF/node_modules/_koa-bodyparser@4.3.0@koa-bodyparser/index.js:95:5)
[2021-05-06T23:25:18.511] [ERROR] globalError - ReferenceError: isDirectory is not defined
    at /Users/xiaoquan/Desktop/BFF/controller/index.js:79:9
    at dispatch (/Users/xiaoquan/Desktop/BFF/node_modules/_koa-compose@4.1.0@koa-compose/index.js:42:32)
    at async cors (/Users/xiaoquan/Desktop/BFF/node_modules/_koa2-cors@2.0.6@koa2-cors/dist/index.js:91:9)
    at async bodyParser (/Users/xiaoquan/Desktop/BFF/node_modules/_koa-bodyparser@4.3.0@koa-bodyparser/index.js:95:5)
[2021-05-06T23:25:18.515] [ERROR] globalError - ReferenceError: isDirectory is not defined
    at /Users/xiaoquan/Desktop/BFF/controller/index.js:79:9
    at dispatch (/Users/xiaoquan/Desktop/BFF/node_modules/_koa-compose@4.1.0@koa-compose/index.js:42:32)
    at async cors (/Users/xiaoquan/Desktop/BFF/node_modules/_koa2-cors@2.0.6@koa2-cors/dist/index.js:91:9)
    at async bodyParser (/Users/xiaoquan/Desktop/BFF/node_modules/_koa-bodyparser@4.3.0@koa-bodyparser/index.js:95:5)
[2021-05-06T23:25:41.752] [ERROR] globalError - ReferenceError: isDirectory is not defined
    at /Users/xiaoquan/Desktop/BFF/controller/index.js:79:9
[2021-05-06T23:25:41.759] [ERROR] globalError - ReferenceError: isDirectory is not defined
    at /Users/xiaoquan/Desktop/BFF/controller/index.js:79:9
[2021-05-06T23:25:41.764] [ERROR] globalError - ReferenceError: isDirectory is not defined
    at /Users/xiaoquan/Desktop/BFF/controller/index.js:79:9
    at runNextTicks (internal/process/task_queues.js:62:5)
    at processImmediate (internal/timers.js:429:9)
[2021-05-06T23:25:41.769] [ERROR] globalError - ReferenceError: isDirectory is not defined
    at /Users/xiaoquan/Desktop/BFF/controller/index.js:79:9
[2021-05-06T23:25:41.774] [ERROR] globalError - ReferenceError: isDirectory is not defined
    at /Users/xiaoquan/Desktop/BFF/controller/index.js:79:9
    at runNextTicks (internal/process/task_queues.js:62:5)
    at processImmediate (internal/timers.js:429:9)
[2021-05-06T23:25:41.778] [ERROR] globalError - ReferenceError: isDirectory is not defined
    at /Users/xiaoquan/Desktop/BFF/controller/index.js:79:9
[2021-05-06T23:25:41.797] [ERROR] globalError - ReferenceError: isDirectory is not defined
    at /Users/xiaoquan/Desktop/BFF/controller/index.js:79:9
[2021-05-06T23:25:41.799] [ERROR] globalError - ReferenceError: isDirectory is not defined
    at /Users/xiaoquan/Desktop/BFF/controller/index.js:79:9
[2021-05-06T23:43:23.928] [ERROR] globalError - Error: ENOENT: no such file or directory, rename '/Users/xiaoquan/Desktop/BFF/public/uploads/202156/a47c400a50f95e70ccb5642fbf7c4458' -> '/Users/xiaoquan/Desktop/BFF/public/uploads/202156/2f1e861d563b5782f9dcd23ac8b98a38:0'
    at Object.renameSync (fs.js:734:3)
    at /Users/xiaoquan/Desktop/BFF/controller/index.js:78:12
    at dispatch (/Users/xiaoquan/Desktop/BFF/node_modules/_koa-compose@4.1.0@koa-compose/index.js:42:32)
    at async cors (/Users/xiaoquan/Desktop/BFF/node_modules/_koa2-cors@2.0.6@koa2-cors/dist/index.js:91:9)
    at async bodyParser (/Users/xiaoquan/Desktop/BFF/node_modules/_koa-bodyparser@4.3.0@koa-bodyparser/index.js:95:5) {
  errno: -2,
  syscall: 'rename',
  code: 'ENOENT',
  path: '/Users/xiaoquan/Desktop/BFF/public/uploads/202156/a47c400a50f95e70ccb5642fbf7c4458',
  dest: '/Users/xiaoquan/Desktop/BFF/public/uploads/202156/2f1e861d563b5782f9dcd23ac8b98a38:0'
}
