[2021-03-22T13:48:30.605] [ERROR] globalError - Promise {
  <rejected> Error: ENOENT: no such file or directory, open '/Users/xiaoquan/Desktop/BFF/client/views/dist/layout.html'
      at Object.openSync (fs.js:458:3)
      at Object.readFileSync (fs.js:360:35)
      at Object.ret.load (/Users/xiaoquan/Desktop/BFF/node_modules/_swig-templates@2.0.3@swig-templates/lib/loaders/filesystem.js:59:15)
      at exports.Swig.parseFile (/Users/xiaoquan/Desktop/BFF/node_modules/_swig-templates@2.0.3@swig-templates/lib/swig.js:403:31)
      at getParents (/Users/xiaoquan/Desktop/BFF/node_modules/_swig-templates@2.0.3@swig-templates/lib/swig.js:480:14)
      at exports.Swig.precompile (/Users/xiaoquan/Desktop/BFF/node_modules/_swig-templates@2.0.3@swig-templates/lib/swig.js:527:19)
      at exports.Swig.compile (/Users/xiaoquan/Desktop/BFF/node_modules/_swig-templates@2.0.3@swig-templates/lib/swig.js:651:16)
      at /Users/xiaoquan/Desktop/BFF/node_modules/_swig-templates@2.0.3@swig-templates/lib/swig.js:729:27
      at FSReqCallback.readFileAfterClose [as oncomplete] (internal/fs/read_file_context.js:63:3) {
    errno: -2,
    syscall: 'open',
    code: 'ENOENT',
    path: '/Users/xiaoquan/Desktop/BFF/client/views/dist/layout.html'
  }
}
[2021-03-22T13:48:33.157] [ERROR] globalError - Promise {
  <rejected> Error: ENOENT: no such file or directory, open '/Users/xiaoquan/Desktop/BFF/client/views/dist/layout.html'
      at Object.openSync (fs.js:458:3)
      at Object.readFileSync (fs.js:360:35)
      at Object.ret.load (/Users/xiaoquan/Desktop/BFF/node_modules/_swig-templates@2.0.3@swig-templates/lib/loaders/filesystem.js:59:15)
      at exports.Swig.parseFile (/Users/xiaoquan/Desktop/BFF/node_modules/_swig-templates@2.0.3@swig-templates/lib/swig.js:403:31)
      at getParents (/Users/xiaoquan/Desktop/BFF/node_modules/_swig-templates@2.0.3@swig-templates/lib/swig.js:480:14)
      at exports.Swig.precompile (/Users/xiaoquan/Desktop/BFF/node_modules/_swig-templates@2.0.3@swig-templates/lib/swig.js:527:19)
      at exports.Swig.compile (/Users/xiaoquan/Desktop/BFF/node_modules/_swig-templates@2.0.3@swig-templates/lib/swig.js:651:16)
      at /Users/xiaoquan/Desktop/BFF/node_modules/_swig-templates@2.0.3@swig-templates/lib/swig.js:729:27
      at FSReqCallback.readFileAfterClose [as oncomplete] (internal/fs/read_file_context.js:63:3) {
    errno: -2,
    syscall: 'open',
    code: 'ENOENT',
    path: '/Users/xiaoquan/Desktop/BFF/client/views/dist/layout.html'
  }
}
[2021-03-22T13:49:51.376] [ERROR] globalError - Error: ENOENT: no such file or directory, open '/Users/xiaoquan/Desktop/BFF/client/views/dist/layout.html'
    at Object.openSync (fs.js:458:3)
    at Object.readFileSync (fs.js:360:35)
    at Object.ret.load (/Users/xiaoquan/Desktop/BFF/node_modules/_swig-templates@2.0.3@swig-templates/lib/loaders/filesystem.js:59:15)
    at exports.Swig.parseFile (/Users/xiaoquan/Desktop/BFF/node_modules/_swig-templates@2.0.3@swig-templates/lib/swig.js:403:31)
    at getParents (/Users/xiaoquan/Desktop/BFF/node_modules/_swig-templates@2.0.3@swig-templates/lib/swig.js:480:14)
    at exports.Swig.precompile (/Users/xiaoquan/Desktop/BFF/node_modules/_swig-templates@2.0.3@swig-templates/lib/swig.js:527:19)
    at exports.Swig.compile (/Users/xiaoquan/Desktop/BFF/node_modules/_swig-templates@2.0.3@swig-templates/lib/swig.js:651:16)
    at /Users/xiaoquan/Desktop/BFF/node_modules/_swig-templates@2.0.3@swig-templates/lib/swig.js:729:27
    at FSReqCallback.readFileAfterClose [as oncomplete] (internal/fs/read_file_context.js:63:3) {
  errno: -2,
  syscall: 'open',
  code: 'ENOENT',
  path: '/Users/xiaoquan/Desktop/BFF/client/views/dist/layout.html'
}
[2021-03-22T13:49:54.033] [ERROR] globalError - Error: ENOENT: no such file or directory, open '/Users/xiaoquan/Desktop/BFF/client/views/dist/layout.html'
    at Object.openSync (fs.js:458:3)
    at Object.readFileSync (fs.js:360:35)
    at Object.ret.load (/Users/xiaoquan/Desktop/BFF/node_modules/_swig-templates@2.0.3@swig-templates/lib/loaders/filesystem.js:59:15)
    at exports.Swig.parseFile (/Users/xiaoquan/Desktop/BFF/node_modules/_swig-templates@2.0.3@swig-templates/lib/swig.js:403:31)
    at getParents (/Users/xiaoquan/Desktop/BFF/node_modules/_swig-templates@2.0.3@swig-templates/lib/swig.js:480:14)
    at exports.Swig.precompile (/Users/xiaoquan/Desktop/BFF/node_modules/_swig-templates@2.0.3@swig-templates/lib/swig.js:527:19)
    at exports.Swig.compile (/Users/xiaoquan/Desktop/BFF/node_modules/_swig-templates@2.0.3@swig-templates/lib/swig.js:651:16)
    at /Users/xiaoquan/Desktop/BFF/node_modules/_swig-templates@2.0.3@swig-templates/lib/swig.js:729:27
    at FSReqCallback.readFileAfterClose [as oncomplete] (internal/fs/read_file_context.js:63:3) {
  errno: -2,
  syscall: 'open',
  code: 'ENOENT',
  path: '/Users/xiaoquan/Desktop/BFF/client/views/dist/layout.html'
}
[2021-03-22T13:50:52.981] [ERROR] globalError - Error: ENOENT: no such file or directory, open '/Users/xiaoquan/Desktop/BFF/client/views/dist/layout.html'
    at Object.openSync (fs.js:458:3)
    at Object.readFileSync (fs.js:360:35)
    at Object.ret.load (/Users/xiaoquan/Desktop/BFF/node_modules/_swig-templates@2.0.3@swig-templates/lib/loaders/filesystem.js:59:15)
    at exports.Swig.parseFile (/Users/xiaoquan/Desktop/BFF/node_modules/_swig-templates@2.0.3@swig-templates/lib/swig.js:403:31)
    at getParents (/Users/xiaoquan/Desktop/BFF/node_modules/_swig-templates@2.0.3@swig-templates/lib/swig.js:480:14)
    at exports.Swig.precompile (/Users/xiaoquan/Desktop/BFF/node_modules/_swig-templates@2.0.3@swig-templates/lib/swig.js:527:19)
    at exports.Swig.compile (/Users/xiaoquan/Desktop/BFF/node_modules/_swig-templates@2.0.3@swig-templates/lib/swig.js:651:16)
    at /Users/xiaoquan/Desktop/BFF/node_modules/_swig-templates@2.0.3@swig-templates/lib/swig.js:729:27
    at FSReqCallback.readFileAfterClose [as oncomplete] (internal/fs/read_file_context.js:63:3) {
  errno: -2,
  syscall: 'open',
  code: 'ENOENT',
  path: '/Users/xiaoquan/Desktop/BFF/client/views/dist/layout.html'
}
[2021-03-22T13:50:57.842] [ERROR] globalError - Error: ENOENT: no such file or directory, open '/Users/xiaoquan/Desktop/BFF/client/views/dist/layout.html'
    at Object.openSync (fs.js:458:3)
    at Object.readFileSync (fs.js:360:35)
    at Object.ret.load (/Users/xiaoquan/Desktop/BFF/node_modules/_swig-templates@2.0.3@swig-templates/lib/loaders/filesystem.js:59:15)
    at exports.Swig.parseFile (/Users/xiaoquan/Desktop/BFF/node_modules/_swig-templates@2.0.3@swig-templates/lib/swig.js:403:31)
    at getParents (/Users/xiaoquan/Desktop/BFF/node_modules/_swig-templates@2.0.3@swig-templates/lib/swig.js:480:14)
    at exports.Swig.precompile (/Users/xiaoquan/Desktop/BFF/node_modules/_swig-templates@2.0.3@swig-templates/lib/swig.js:527:19)
    at exports.Swig.compile (/Users/xiaoquan/Desktop/BFF/node_modules/_swig-templates@2.0.3@swig-templates/lib/swig.js:651:16)
    at /Users/xiaoquan/Desktop/BFF/node_modules/_swig-templates@2.0.3@swig-templates/lib/swig.js:729:27
    at FSReqCallback.readFileAfterClose [as oncomplete] (internal/fs/read_file_context.js:63:3) {
  errno: -2,
  syscall: 'open',
  code: 'ENOENT',
  path: '/Users/xiaoquan/Desktop/BFF/client/views/dist/layout.html'
}
[2021-03-22T13:53:08.141] [ERROR] globalError - Error: ENOENT: no such file or directory, open '/Users/xiaoquan/Desktop/BFF/client/views/dist/layout.html'
    at Object.openSync (fs.js:458:3)
    at Object.readFileSync (fs.js:360:35)
    at Object.ret.load (/Users/xiaoquan/Desktop/BFF/node_modules/_swig-templates@2.0.3@swig-templates/lib/loaders/filesystem.js:59:15)
    at exports.Swig.parseFile (/Users/xiaoquan/Desktop/BFF/node_modules/_swig-templates@2.0.3@swig-templates/lib/swig.js:403:31)
    at getParents (/Users/xiaoquan/Desktop/BFF/node_modules/_swig-templates@2.0.3@swig-templates/lib/swig.js:480:14)
    at exports.Swig.precompile (/Users/xiaoquan/Desktop/BFF/node_modules/_swig-templates@2.0.3@swig-templates/lib/swig.js:527:19)
    at exports.Swig.compile (/Users/xiaoquan/Desktop/BFF/node_modules/_swig-templates@2.0.3@swig-templates/lib/swig.js:651:16)
    at /Users/xiaoquan/Desktop/BFF/node_modules/_swig-templates@2.0.3@swig-templates/lib/swig.js:729:27
    at FSReqCallback.readFileAfterClose [as oncomplete] (internal/fs/read_file_context.js:63:3) {
  errno: -2,
  syscall: 'open',
  code: 'ENOENT',
  path: '/Users/xiaoquan/Desktop/BFF/client/views/dist/layout.html'
}
[2021-03-22T13:58:24.487] [ERROR] globalError - Error: ENOENT: no such file or directory, open '/Users/xiaoquan/Desktop/BFF/client/views/dist/layout.html'
    at Object.openSync (fs.js:458:3)
    at Object.readFileSync (fs.js:360:35)
    at Object.ret.load (/Users/xiaoquan/Desktop/BFF/node_modules/_swig-templates@2.0.3@swig-templates/lib/loaders/filesystem.js:59:15)
    at exports.Swig.parseFile (/Users/xiaoquan/Desktop/BFF/node_modules/_swig-templates@2.0.3@swig-templates/lib/swig.js:403:31)
    at getParents (/Users/xiaoquan/Desktop/BFF/node_modules/_swig-templates@2.0.3@swig-templates/lib/swig.js:480:14)
    at exports.Swig.precompile (/Users/xiaoquan/Desktop/BFF/node_modules/_swig-templates@2.0.3@swig-templates/lib/swig.js:527:19)
    at exports.Swig.compile (/Users/xiaoquan/Desktop/BFF/node_modules/_swig-templates@2.0.3@swig-templates/lib/swig.js:651:16)
    at /Users/xiaoquan/Desktop/BFF/node_modules/_swig-templates@2.0.3@swig-templates/lib/swig.js:729:27
    at FSReqCallback.readFileAfterClose [as oncomplete] (internal/fs/read_file_context.js:63:3) {
  errno: -2,
  syscall: 'open',
  code: 'ENOENT',
  path: '/Users/xiaoquan/Desktop/BFF/client/views/dist/layout.html'
}
[2021-03-22T13:58:33.572] [ERROR] globalError - Error: ENOENT: no such file or directory, open '/Users/xiaoquan/Desktop/BFF/client/views/dist/layout.html'
    at Object.openSync (fs.js:458:3)
    at Object.readFileSync (fs.js:360:35)
    at Object.ret.load (/Users/xiaoquan/Desktop/BFF/node_modules/_swig-templates@2.0.3@swig-templates/lib/loaders/filesystem.js:59:15)
    at exports.Swig.parseFile (/Users/xiaoquan/Desktop/BFF/node_modules/_swig-templates@2.0.3@swig-templates/lib/swig.js:403:31)
    at getParents (/Users/xiaoquan/Desktop/BFF/node_modules/_swig-templates@2.0.3@swig-templates/lib/swig.js:480:14)
    at exports.Swig.precompile (/Users/xiaoquan/Desktop/BFF/node_modules/_swig-templates@2.0.3@swig-templates/lib/swig.js:527:19)
    at exports.Swig.compile (/Users/xiaoquan/Desktop/BFF/node_modules/_swig-templates@2.0.3@swig-templates/lib/swig.js:651:16)
    at /Users/xiaoquan/Desktop/BFF/node_modules/_swig-templates@2.0.3@swig-templates/lib/swig.js:729:27
    at FSReqCallback.readFileAfterClose [as oncomplete] (internal/fs/read_file_context.js:63:3) {
  errno: -2,
  syscall: 'open',
  code: 'ENOENT',
  path: '/Users/xiaoquan/Desktop/BFF/client/views/dist/layout.html'
}
[2021-03-22T13:59:53.432] [ERROR] globalError - Error: ENOENT: no such file or directory, open '/Users/xiaoquan/Desktop/BFF/client/views/dist/layout.html'
    at Object.openSync (fs.js:458:3)
    at Object.readFileSync (fs.js:360:35)
    at Object.ret.load (/Users/xiaoquan/Desktop/BFF/node_modules/_swig-templates@2.0.3@swig-templates/lib/loaders/filesystem.js:59:15)
    at exports.Swig.parseFile (/Users/xiaoquan/Desktop/BFF/node_modules/_swig-templates@2.0.3@swig-templates/lib/swig.js:403:31)
    at getParents (/Users/xiaoquan/Desktop/BFF/node_modules/_swig-templates@2.0.3@swig-templates/lib/swig.js:480:14)
    at exports.Swig.precompile (/Users/xiaoquan/Desktop/BFF/node_modules/_swig-templates@2.0.3@swig-templates/lib/swig.js:527:19)
    at exports.Swig.compile (/Users/xiaoquan/Desktop/BFF/node_modules/_swig-templates@2.0.3@swig-templates/lib/swig.js:651:16)
    at /Users/xiaoquan/Desktop/BFF/node_modules/_swig-templates@2.0.3@swig-templates/lib/swig.js:729:27
    at FSReqCallback.readFileAfterClose [as oncomplete] (internal/fs/read_file_context.js:63:3) {
  errno: -2,
  syscall: 'open',
  code: 'ENOENT',
  path: '/Users/xiaoquan/Desktop/BFF/client/views/dist/layout.html'
}
[2021-03-22T22:55:08.725] [ERROR] globalError - Promise {
  <rejected> Error: ENOENT: no such file or directory, open '/Users/xiaoquan/Desktop/BFF/client/views/dist/layout.html'
      at Object.openSync (fs.js:458:3)
      at Object.readFileSync (fs.js:360:35)
      at Object.ret.load (/Users/xiaoquan/Desktop/BFF/node_modules/_swig-templates@2.0.3@swig-templates/lib/loaders/filesystem.js:59:15)
      at exports.Swig.parseFile (/Users/xiaoquan/Desktop/BFF/node_modules/_swig-templates@2.0.3@swig-templates/lib/swig.js:403:31)
      at getParents (/Users/xiaoquan/Desktop/BFF/node_modules/_swig-templates@2.0.3@swig-templates/lib/swig.js:480:14)
      at exports.Swig.precompile (/Users/xiaoquan/Desktop/BFF/node_modules/_swig-templates@2.0.3@swig-templates/lib/swig.js:527:19)
      at exports.Swig.compile (/Users/xiaoquan/Desktop/BFF/node_modules/_swig-templates@2.0.3@swig-templates/lib/swig.js:651:16)
      at /Users/xiaoquan/Desktop/BFF/node_modules/_swig-templates@2.0.3@swig-templates/lib/swig.js:729:27
      at FSReqCallback.readFileAfterClose [as oncomplete] (internal/fs/read_file_context.js:63:3) {
    errno: -2,
    syscall: 'open',
    code: 'ENOENT',
    path: '/Users/xiaoquan/Desktop/BFF/client/views/dist/layout.html'
  }
}
[2021-03-22T23:03:32.004] [ERROR] globalError - Promise {
  <rejected> [Error: ENOENT: no such file or directory, open '/Users/xiaoquan/Desktop/BFF/server/controller/dist/book-list.html'] {
    errno: -2,
    code: 'ENOENT',
    syscall: 'open',
    path: '/Users/xiaoquan/Desktop/BFF/server/controller/dist/book-list.html'
  }
}
[2021-03-22T23:03:35.386] [ERROR] globalError - Promise {
  <rejected> [Error: ENOENT: no such file or directory, open '/Users/xiaoquan/Desktop/BFF/server/controller/dist/book-list.html'] {
    errno: -2,
    code: 'ENOENT',
    syscall: 'open',
    path: '/Users/xiaoquan/Desktop/BFF/server/controller/dist/book-list.html'
  }
}
[2021-03-22T23:03:50.898] [ERROR] globalError - Promise {
  <rejected> [Error: ENOENT: no such file or directory, open '/dist/book-list.html'] {
    errno: -2,
    code: 'ENOENT',
    syscall: 'open',
    path: '/dist/book-list.html'
  }
}
[2021-03-22T23:04:38.081] [ERROR] globalError - Promise {
  <rejected> [Error: ENOENT: no such file or directory, open '/dist/book-list.html'] {
    errno: -2,
    code: 'ENOENT',
    syscall: 'open',
    path: '/dist/book-list.html'
  }
}
[2021-03-22T23:05:50.776] [ERROR] globalError - Promise {
  <rejected> Error: ENOENT: no such file or directory, open '/Users/xiaoquan/Desktop/BFF/client/views/dist/layout.html'
      at Object.openSync (fs.js:458:3)
      at Object.readFileSync (fs.js:360:35)
      at Object.ret.load (/Users/xiaoquan/Desktop/BFF/node_modules/_swig-templates@2.0.3@swig-templates/lib/loaders/filesystem.js:59:15)
      at exports.Swig.parseFile (/Users/xiaoquan/Desktop/BFF/node_modules/_swig-templates@2.0.3@swig-templates/lib/swig.js:403:31)
      at getParents (/Users/xiaoquan/Desktop/BFF/node_modules/_swig-templates@2.0.3@swig-templates/lib/swig.js:480:14)
      at exports.Swig.precompile (/Users/xiaoquan/Desktop/BFF/node_modules/_swig-templates@2.0.3@swig-templates/lib/swig.js:527:19)
      at exports.Swig.compile (/Users/xiaoquan/Desktop/BFF/node_modules/_swig-templates@2.0.3@swig-templates/lib/swig.js:651:16)
      at /Users/xiaoquan/Desktop/BFF/node_modules/_swig-templates@2.0.3@swig-templates/lib/swig.js:729:27
      at FSReqCallback.readFileAfterClose [as oncomplete] (internal/fs/read_file_context.js:63:3) {
    errno: -2,
    syscall: 'open',
    code: 'ENOENT',
    path: '/Users/xiaoquan/Desktop/BFF/client/views/dist/layout.html'
  }
}
[2021-03-22T23:05:53.746] [ERROR] globalError - Promise {
  <rejected> Error: ENOENT: no such file or directory, open '/Users/xiaoquan/Desktop/BFF/client/views/dist/layout.html'
      at Object.openSync (fs.js:458:3)
      at Object.readFileSync (fs.js:360:35)
      at Object.ret.load (/Users/xiaoquan/Desktop/BFF/node_modules/_swig-templates@2.0.3@swig-templates/lib/loaders/filesystem.js:59:15)
      at exports.Swig.parseFile (/Users/xiaoquan/Desktop/BFF/node_modules/_swig-templates@2.0.3@swig-templates/lib/swig.js:403:31)
      at getParents (/Users/xiaoquan/Desktop/BFF/node_modules/_swig-templates@2.0.3@swig-templates/lib/swig.js:480:14)
      at exports.Swig.precompile (/Users/xiaoquan/Desktop/BFF/node_modules/_swig-templates@2.0.3@swig-templates/lib/swig.js:527:19)
      at exports.Swig.compile (/Users/xiaoquan/Desktop/BFF/node_modules/_swig-templates@2.0.3@swig-templates/lib/swig.js:651:16)
      at /Users/xiaoquan/Desktop/BFF/node_modules/_swig-templates@2.0.3@swig-templates/lib/swig.js:729:27
      at FSReqCallback.readFileAfterClose [as oncomplete] (internal/fs/read_file_context.js:63:3) {
    errno: -2,
    syscall: 'open',
    code: 'ENOENT',
    path: '/Users/xiaoquan/Desktop/BFF/client/views/dist/layout.html'
  }
}
[2021-03-22T23:06:22.188] [ERROR] globalError - Promise {
  <rejected> Error: ENOENT: no such file or directory, open '/Users/xiaoquan/Desktop/BFF/client/views/dist/layout.html'
      at Object.openSync (fs.js:458:3)
      at Object.readFileSync (fs.js:360:35)
      at Object.ret.load (/Users/xiaoquan/Desktop/BFF/node_modules/_swig-templates@2.0.3@swig-templates/lib/loaders/filesystem.js:59:15)
      at exports.Swig.parseFile (/Users/xiaoquan/Desktop/BFF/node_modules/_swig-templates@2.0.3@swig-templates/lib/swig.js:403:31)
      at getParents (/Users/xiaoquan/Desktop/BFF/node_modules/_swig-templates@2.0.3@swig-templates/lib/swig.js:480:14)
      at exports.Swig.precompile (/Users/xiaoquan/Desktop/BFF/node_modules/_swig-templates@2.0.3@swig-templates/lib/swig.js:527:19)
      at exports.Swig.compile (/Users/xiaoquan/Desktop/BFF/node_modules/_swig-templates@2.0.3@swig-templates/lib/swig.js:651:16)
      at /Users/xiaoquan/Desktop/BFF/node_modules/_swig-templates@2.0.3@swig-templates/lib/swig.js:729:27
      at FSReqCallback.readFileAfterClose [as oncomplete] (internal/fs/read_file_context.js:63:3) {
    errno: -2,
    syscall: 'open',
    code: 'ENOENT',
    path: '/Users/xiaoquan/Desktop/BFF/client/views/dist/layout.html'
  }
}
[2021-03-22T23:07:07.221] [ERROR] globalError - Promise {
  <rejected> [Error: ENOENT: no such file or directory, open '/dist/book-list.html'] {
    errno: -2,
    code: 'ENOENT',
    syscall: 'open',
    path: '/dist/book-list.html'
  }
}
[2021-03-22T23:11:00.185] [ERROR] globalError - Promise {
  <rejected> [Error: ENOENT: no such file or directory, open '/dist/book-list.html'] {
    errno: -2,
    code: 'ENOENT',
    syscall: 'open',
    path: '/dist/book-list.html'
  }
}
[2021-03-22T23:11:47.667] [ERROR] globalError - Promise {
  <rejected> [Error: ENOENT: no such file or directory, open '/dist/book-list.html'] {
    errno: -2,
    code: 'ENOENT',
    syscall: 'open',
    path: '/dist/book-list.html'
  }
}
[2021-03-22T23:11:57.723] [ERROR] globalError - Promise {
  <rejected> [Error: ENOENT: no such file or directory, open '/dist/book-list.html'] {
    errno: -2,
    code: 'ENOENT',
    syscall: 'open',
    path: '/dist/book-list.html'
  }
}
[2021-03-22T23:16:27.590] [ERROR] globalError - Promise {
  <rejected> Error: ENOENT: no such file or directory, open '/Users/xiaoquan/Desktop/BFF/client/views/dist/layout.html'
      at Object.openSync (fs.js:458:3)
      at Object.readFileSync (fs.js:360:35)
      at Object.ret.load (/Users/xiaoquan/Desktop/BFF/node_modules/_swig-templates@2.0.3@swig-templates/lib/loaders/filesystem.js:59:15)
      at exports.Swig.parseFile (/Users/xiaoquan/Desktop/BFF/node_modules/_swig-templates@2.0.3@swig-templates/lib/swig.js:403:31)
      at getParents (/Users/xiaoquan/Desktop/BFF/node_modules/_swig-templates@2.0.3@swig-templates/lib/swig.js:480:14)
      at exports.Swig.precompile (/Users/xiaoquan/Desktop/BFF/node_modules/_swig-templates@2.0.3@swig-templates/lib/swig.js:527:19)
      at exports.Swig.compile (/Users/xiaoquan/Desktop/BFF/node_modules/_swig-templates@2.0.3@swig-templates/lib/swig.js:651:16)
      at /Users/xiaoquan/Desktop/BFF/node_modules/_swig-templates@2.0.3@swig-templates/lib/swig.js:729:27
      at FSReqCallback.readFileAfterClose [as oncomplete] (internal/fs/read_file_context.js:63:3) {
    errno: -2,
    syscall: 'open',
    code: 'ENOENT',
    path: '/Users/xiaoquan/Desktop/BFF/client/views/dist/layout.html'
  }
}
[2021-03-22T23:17:24.191] [ERROR] globalError - Promise {
  <rejected> Error: ENOENT: no such file or directory, open '/Users/xiaoquan/Desktop/BFF/client/views/dist/layout.html'
      at Object.openSync (fs.js:458:3)
      at Object.readFileSync (fs.js:360:35)
      at Object.ret.load (/Users/xiaoquan/Desktop/BFF/node_modules/_swig-templates@2.0.3@swig-templates/lib/loaders/filesystem.js:59:15)
      at exports.Swig.parseFile (/Users/xiaoquan/Desktop/BFF/node_modules/_swig-templates@2.0.3@swig-templates/lib/swig.js:403:31)
      at getParents (/Users/xiaoquan/Desktop/BFF/node_modules/_swig-templates@2.0.3@swig-templates/lib/swig.js:480:14)
      at exports.Swig.precompile (/Users/xiaoquan/Desktop/BFF/node_modules/_swig-templates@2.0.3@swig-templates/lib/swig.js:527:19)
      at exports.Swig.compile (/Users/xiaoquan/Desktop/BFF/node_modules/_swig-templates@2.0.3@swig-templates/lib/swig.js:651:16)
      at /Users/xiaoquan/Desktop/BFF/node_modules/_swig-templates@2.0.3@swig-templates/lib/swig.js:729:27
      at FSReqCallback.readFileAfterClose [as oncomplete] (internal/fs/read_file_context.js:63:3) {
    errno: -2,
    syscall: 'open',
    code: 'ENOENT',
    path: '/Users/xiaoquan/Desktop/BFF/client/views/dist/layout.html'
  }
}
[2021-03-22T23:33:28.356] [ERROR] globalError - Promise {
  <rejected> Error: ENOENT: no such file or directory, open '/Users/xiaoquan/Desktop/BFF/client/views/dist/layout.html'
      at Object.openSync (fs.js:458:3)
      at Object.readFileSync (fs.js:360:35)
      at Object.ret.load (/Users/xiaoquan/Desktop/BFF/node_modules/_swig-templates@2.0.3@swig-templates/lib/loaders/filesystem.js:59:15)
      at exports.Swig.parseFile (/Users/xiaoquan/Desktop/BFF/node_modules/_swig-templates@2.0.3@swig-templates/lib/swig.js:403:31)
      at getParents (/Users/xiaoquan/Desktop/BFF/node_modules/_swig-templates@2.0.3@swig-templates/lib/swig.js:480:14)
      at exports.Swig.precompile (/Users/xiaoquan/Desktop/BFF/node_modules/_swig-templates@2.0.3@swig-templates/lib/swig.js:527:19)
      at exports.Swig.compile (/Users/xiaoquan/Desktop/BFF/node_modules/_swig-templates@2.0.3@swig-templates/lib/swig.js:651:16)
      at /Users/xiaoquan/Desktop/BFF/node_modules/_swig-templates@2.0.3@swig-templates/lib/swig.js:729:27
      at FSReqCallback.readFileAfterClose [as oncomplete] (internal/fs/read_file_context.js:63:3) {
    errno: -2,
    syscall: 'open',
    code: 'ENOENT',
    path: '/Users/xiaoquan/Desktop/BFF/client/views/dist/layout.html'
  }
}
